<?xml version="1.0" encoding="UTF-8"?>
<testsuite name="DoublyLinkedListTest" tests="8" skipped="0" failures="0" errors="0" timestamp="2017-12-06T17:55:40" hostname="Ryans-MacBook-Pro-2.local" time="0.01">
  <properties/>
  <testcase name="testExample" classname="DoublyLinkedListTest" time="0.005"/>
  <testcase name="testFind" classname="DoublyLinkedListTest" time="0.001"/>
  <testcase name="testPushPop" classname="DoublyLinkedListTest" time="0.0"/>
  <testcase name="testPushShift" classname="DoublyLinkedListTest" time="0.0"/>
  <testcase name="testUnshiftPop" classname="DoublyLinkedListTest" time="0.0"/>
  <testcase name="testUnshiftShift" classname="DoublyLinkedListTest" time="0.0"/>
  <testcase name="testInitializeWithValues" classname="DoublyLinkedListTest" time="0.0"/>
  <testcase name="testInsert" classname="DoublyLinkedListTest" time="0.0"/>
  <system-out><![CDATA[]]></system-out>
  <system-err><![CDATA[]]></system-err>
</testsuite>
