<?xml version="1.0" encoding="UTF-8"?>
<testsuite name="DoublyLinkedListTest" tests="1" skipped="0" failures="0" errors="0" timestamp="2017-12-05T22:02:37" hostname="Ryans-MacBook-Pro-2.local" time="0.006">
  <properties/>
  <testcase name="testPushPop" classname="DoublyLinkedListTest" time="0.006"/>
  <system-out><![CDATA[]]></system-out>
  <system-err><![CDATA[]]></system-err>
</testsuite>
